# JRE version: Java(TM) SE Runtime Environment (8.0_131-b11) (build 1.8.0_131-b11)
# Java VM: Java HotSpot(TM) 64-Bit Server VM (25.131-b11 mixed mode linux-amd64 compressed oops)
Heap:
 PSYoungGen      total 54272K, used 19789K [0x00000000d6e00000, 0x00000000dbe00000, 0x0000000100000000)
  eden space 27648K, 71% used [0x00000000d6e00000,0x00000000d8143638,0x00000000d8900000)
  from space 26624K, 0% used [0x00000000da400000,0x00000000da410000,0x00000000dbe00000)
  to   space 27136K, 0% used [0x00000000d8900000,0x00000000d8900000,0x00000000da380000)
 ParOldGen       total 53760K, used 32280K [0x0000000084a00000, 0x0000000087e80000, 0x00000000d6e00000)
  object space 53760K, 60% used [0x0000000084a00000,0x0000000086986008,0x0000000087e80000)
 Metaspace       used 22203K, capacity 22464K, committed 22704K, reserved 1069056K
  class space    used 2586K, capacity 2677K, committed 2736K, reserved 1048576K
GC Heap History (10 events):
Event: 88,965 GC heap before
{Heap before GC invocations=86 (full 2):
 PSYoungGen      total 25088K, used 22264K [0x00000000d6e00000, 0x00000000dc380000, 0x0000000100000000)
  eden space 23040K, 88% used [0x00000000d6e00000,0x00000000d81fbf20,0x00000000d8480000)
  from space 2048K, 87% used [0x00000000d8480000,0x00000000d8642340,0x00000000d8680000)
  to   space 32256K, 0% used [0x00000000da400000,0x00000000da400000,0x00000000dc380000)
 ParOldGen       total 53760K, used 30575K [0x0000000084a00000, 0x0000000087e80000, 0x00000000d6e00000)
  object space 53760K, 56% used [0x0000000084a00000,0x00000000867dbcc8,0x0000000087e80000)
 Metaspace       used 22165K, capacity 22454K, committed 22704K, reserved 1069056K
  class space    used 2583K, capacity 2674K, committed 2736K, reserved 1048576K
Event: 88,967 GC heap after
Heap after GC invocations=86 (full 2):
 PSYoungGen      total 53248K, used 506K [0x00000000d6e00000, 0x00000000dc180000, 0x0000000100000000)
  eden space 23040K, 0% used [0x00000000d6e00000,0x00000000d6e00000,0x00000000d8480000)
  from space 30208K, 1% used [0x00000000da400000,0x00000000da47e8d0,0x00000000dc180000)
  to   space 31232K, 0% used [0x00000000d8480000,0x00000000d8480000,0x00000000da300000)
 ParOldGen       total 53760K, used 31821K [0x0000000084a00000, 0x0000000087e80000, 0x00000000d6e00000)
  object space 53760K, 59% used [0x0000000084a00000,0x0000000086913738,0x0000000087e80000)
 Metaspace       used 22165K, capacity 22454K, committed 22704K, reserved 1069056K
  class space    used 2583K, capacity 2674K, committed 2736K, reserved 1048576K
}
Event: 89,045 GC heap before
{Heap before GC invocations=87 (full 2):
 PSYoungGen      total 53248K, used 19972K [0x00000000d6e00000, 0x00000000dc180000, 0x0000000100000000)
  eden space 23040K, 84% used [0x00000000d6e00000,0x00000000d8102988,0x00000000d8480000)
  from space 30208K, 1% used [0x00000000da400000,0x00000000da47e8d0,0x00000000dc180000)
  to   space 31232K, 0% used [0x00000000d8480000,0x00000000d8480000,0x00000000da300000)
 ParOldGen       total 53760K, used 31821K [0x0000000084a00000, 0x0000000087e80000, 0x00000000d6e00000)
  object space 53760K, 59% used [0x0000000084a00000,0x0000000086913738,0x0000000087e80000)
 Metaspace       used 22165K, capacity 22454K, committed 22704K, reserved 1069056K
  class space    used 2583K, capacity 2674K, committed 2736K, reserved 1048576K
Event: 89,047 GC heap after
Heap after GC invocations=87 (full 2):
 PSYoungGen      total 23552K, used 64K [0x00000000d6e00000, 0x00000000dbf80000, 0x0000000100000000)
  eden space 23040K, 0% used [0x00000000d6e00000,0x00000000d6e00000,0x00000000d8480000)
  from space 512K, 12% used [0x00000000d8480000,0x00000000d8490000,0x00000000d8500000)
  to   space 30208K, 0% used [0x00000000da200000,0x00000000da200000,0x00000000dbf80000)
 ParOldGen       total 53760K, used 32256K [0x0000000084a00000, 0x0000000087e80000, 0x00000000d6e00000)
  object space 53760K, 60% used [0x0000000084a00000,0x0000000086980008,0x0000000087e80000)
 Metaspace       used 22165K, capacity 22454K, committed 22704K, reserved 1069056K
  class space    used 2583K, capacity 2674K, committed 2736K, reserved 1048576K
}
Event: 89,141 GC heap before
{Heap before GC invocations=88 (full 2):
 PSYoungGen      total 23552K, used 19706K [0x00000000d6e00000, 0x00000000dbf80000, 0x0000000100000000)
  eden space 23040K, 85% used [0x00000000d6e00000,0x00000000d812e8a8,0x00000000d8480000)
  from space 512K, 12% used [0x00000000d8480000,0x00000000d8490000,0x00000000d8500000)
  to   space 30208K, 0% used [0x00000000da200000,0x00000000da200000,0x00000000dbf80000)
 ParOldGen       total 53760K, used 32256K [0x0000000084a00000, 0x0000000087e80000, 0x00000000d6e00000)
  object space 53760K, 60% used [0x0000000084a00000,0x0000000086980008,0x0000000087e80000)
 Metaspace       used 22165K, capacity 22454K, committed 22704K, reserved 1069056K
  class space    used 2583K, capacity 2674K, committed 2736K, reserved 1048576K
Event: 89,142 GC heap after
Heap after GC invocations=88 (full 2):
 PSYoungGen      total 51200K, used 96K [0x00000000d6e00000, 0x00000000dbd80000, 0x0000000100000000)
  eden space 23040K, 0% used [0x00000000d6e00000,0x00000000d6e00000,0x00000000d8480000)
  from space 28160K, 0% used [0x00000000da200000,0x00000000da218000,0x00000000dbd80000)
  to   space 29184K, 0% used [0x00000000d8480000,0x00000000d8480000,0x00000000da100000)
 ParOldGen       total 53760K, used 32264K [0x0000000084a00000, 0x0000000087e80000, 0x00000000d6e00000)
  object space 53760K, 60% used [0x0000000084a00000,0x0000000086982008,0x0000000087e80000)
 Metaspace       used 22165K, capacity 22454K, committed 22704K, reserved 1069056K
  class space    used 2583K, capacity 2674K, committed 2736K, reserved 1048576K
}
Event: 89,201 GC heap before
{Heap before GC invocations=89 (full 2):
 PSYoungGen      total 51200K, used 19831K [0x00000000d6e00000, 0x00000000dbd80000, 0x0000000100000000)
  eden space 23040K, 85% used [0x00000000d6e00000,0x00000000d8145c48,0x00000000d8480000)
  from space 28160K, 0% used [0x00000000da200000,0x00000000da218000,0x00000000dbd80000)
  to   space 29184K, 0% used [0x00000000d8480000,0x00000000d8480000,0x00000000da100000)
 ParOldGen       total 53760K, used 32264K [0x0000000084a00000, 0x0000000087e80000, 0x00000000d6e00000)
  object space 53760K, 60% used [0x0000000084a00000,0x0000000086982008,0x0000000087e80000)
 Metaspace       used 22165K, capacity 22454K, committed 22704K, reserved 1069056K
  class space    used 2583K, capacity 2674K, committed 2736K, reserved 1048576K
Event: 89,202 GC heap after
Heap after GC invocations=89 (full 2):
 PSYoungGen      total 52224K, used 64K [0x00000000d6e00000, 0x00000000dbf80000, 0x0000000100000000)
  eden space 23040K, 0% used [0x00000000d6e00000,0x00000000d6e00000,0x00000000d8480000)
  from space 29184K, 0% used [0x00000000d8480000,0x00000000d8490000,0x00000000da100000)
  to   space 28160K, 0% used [0x00000000da400000,0x00000000da400000,0x00000000dbf80000)
 ParOldGen       total 53760K, used 32272K [0x0000000084a00000, 0x0000000087e80000, 0x00000000d6e00000)
  object space 53760K, 60% used [0x0000000084a00000,0x0000000086984008,0x0000000087e80000)
 Metaspace       used 22165K, capacity 22454K, committed 22704K, reserved 1069056K
  class space    used 2583K, capacity 2674K, committed 2736K, reserved 1048576K
}
Event: 89,260 GC heap before
{Heap before GC invocations=90 (full 2):
 PSYoungGen      total 52224K, used 19837K [0x00000000d6e00000, 0x00000000dbf80000, 0x0000000100000000)
  eden space 23040K, 85% used [0x00000000d6e00000,0x00000000d814f608,0x00000000d8480000)
  from space 29184K, 0% used [0x00000000d8480000,0x00000000d8490000,0x00000000da100000)
  to   space 28160K, 0% used [0x00000000da400000,0x00000000da400000,0x00000000dbf80000)
 ParOldGen       total 53760K, used 32272K [0x0000000084a00000, 0x0000000087e80000, 0x00000000d6e00000)
  object space 53760K, 60% used [0x0000000084a00000,0x0000000086984008,0x0000000087e80000)
 Metaspace       used 22166K, capacity 22454K, committed 22704K, reserved 1069056K
  class space    used 2583K, capacity 2674K, committed 2736K, reserved 1048576K
Event: 89,261 GC heap after
Heap after GC invocations=90 (full 2):
 PSYoungGen      total 54272K, used 64K [0x00000000d6e00000, 0x00000000dbe00000, 0x0000000100000000)
  eden space 27648K, 0% used [0x00000000d6e00000,0x00000000d6e00000,0x00000000d8900000)
  from space 26624K, 0% used [0x00000000da400000,0x00000000da410000,0x00000000dbe00000)
  to   space 27136K, 0% used [0x00000000d8900000,0x00000000d8900000,0x00000000da380000)
 ParOldGen       total 53760K, used 32280K [0x0000000084a00000, 0x0000000087e80000, 0x00000000d6e00000)
  object space 53760K, 60% used [0x0000000084a00000,0x0000000086986008,0x0000000087e80000)
 Metaspace       used 22166K, capacity 22454K, committed 22704K, reserved 1069056K
  class space    used 2583K, capacity 2674K, committed 2736K, reserved 1048576K
}

